<?xml version="1.0" encoding="UTF-8"?>
<testsuite name="ListOfNumbersFizzBuzzTest" tests="1" skipped="0" failures="0" errors="0" timestamp="2022-11-23T15:44:51" hostname="Neofytoss-MBP.localdomain" time="0.004">
  <properties/>
  <testcase name="printListOfFizzBuzz()" classname="ListOfNumbersFizzBuzzTest" time="0.004"/>
  <system-out><![CDATA[FizzBuzz
1
2
Fizz
4
Buzz
Fizz
7
8
Fizz
Buzz
11
Fizz
Fizz
14
FizzBuzz
16
17
Fizz
19
Buzz
Fizz
22
Fizz
Fizz
Buzz
26
Fizz
28
29
FizzBuzz
Fizz
Fizz
Fizz
Fizz
Buzz
Fizz
Fizz
Fizz
Fizz
Buzz
41
Fizz
Fizz
44
FizzBuzz
46
47
Fizz
49
Buzz
Fizz
Buzz
FizzBuzz
Fizz
BuzzBuzzBuzz
Buzz
Fizz
Buzz
Buzz
FizzBuzz
61
62
Fizz
64
Buzz
Fizz
67
68
Fizz
Buzz
71
Fizz
Fizz
74
FizzBuzz
76
77
Fizz
79
Buzz
Fizz
82
Fizz
Fizz
Buzz
86
Fizz
88
89
FizzBuzz
91
92
Fizz
94
Buzz
Fizz
97
98
Fizz
Buzz
]]></system-out>
  <system-err><![CDATA[]]></system-err>
</testsuite>
