<?xml version="1.0" encoding="UTF-8"?>
<testsuite name="FizzBuzzTest" tests="4" skipped="0" failures="0" errors="0" timestamp="2022-11-23T15:44:51" hostname="Neofytoss-MBP.localdomain" time="0.011">
  <properties/>
  <testcase name="fizzBuzzConvertorDivisibleByThreeAndContainThreeNotFive()" classname="FizzBuzzTest" time="0.01"/>
  <testcase name="fizzBuzzConvertorDivisibleByFiveOrContainFiveNotThree()" classname="FizzBuzzTest" time="0.0"/>
  <testcase name="fizzBuzzConvertorDivisibleByThreeOrContainThree()" classname="FizzBuzzTest" time="0.0"/>
  <testcase name="fizzBuzzConvertorNotDivisibleByFiveOrThreeAndNotContainThreeOrFive()" classname="FizzBuzzTest" time="0.0"/>
  <system-out><![CDATA[]]></system-out>
  <system-err><![CDATA[]]></system-err>
</testsuite>
